{
  "uid" : "efac45a233b06167",
  "name" : "Check Out Happy path",
  "fullName" : "Women Check Out functionality for Automation practice: Check Out Happy path",
  "historyId" : "2928fbac5ca1df51cf812ce23a70e3c0",
  "time" : {
    "start" : 1648790809570,
    "stop" : 1648790824648,
    "duration" : 15078
  },
  "status" : "broken",
  "statusMessage" : "java.lang.reflect.InvocationTargetException\nBuild info: version: '3.141.59', revision: 'e82be7d358', time: '2018-11-14T08:17:03'\nSystem info: host: 'admins-MBP.domain.name', ip: 'fe80:0:0:0:12:6892:dfaf:cf27%en0', os.name: 'Mac OS X', os.arch: 'x86_64', os.version: '10.15.7', java.version: '16.0.1'\nDriver info: driver.version: RemoteWebDriver",
  "statusTrace" : "org.openqa.selenium.json.JsonException: java.lang.reflect.InvocationTargetException\nBuild info: version: '3.141.59', revision: 'e82be7d358', time: '2018-11-14T08:17:03'\nSystem info: host: 'admins-MBP.domain.name', ip: 'fe80:0:0:0:12:6892:dfaf:cf27%en0', os.name: 'Mac OS X', os.arch: 'x86_64', os.version: '10.15.7', java.version: '16.0.1'\nDriver info: driver.version: RemoteWebDriver\n\tat org.openqa.selenium.json.JsonOutput.convertUsingMethod(JsonOutput.java:332)\n\tat org.openqa.selenium.json.JsonOutput.lambda$new$16(JsonOutput.java:155)\n\tat org.openqa.selenium.json.JsonOutput.write(JsonOutput.java:264)\n\tat org.openqa.selenium.json.JsonOutput.lambda$null$21(JsonOutput.java:168)\n\tat java.base/java.util.LinkedHashMap$LinkedValues.forEach(LinkedHashMap.java:647)\n\tat org.openqa.selenium.json.JsonOutput.lambda$new$22(JsonOutput.java:168)\n\tat org.openqa.selenium.json.JsonOutput.write(JsonOutput.java:264)\n\tat org.openqa.selenium.json.JsonOutput.lambda$null$23(JsonOutput.java:177)\n\tat com.google.common.collect.SingletonImmutableBiMap.forEach(SingletonImmutableBiMap.java:65)\n\tat org.openqa.selenium.json.JsonOutput.lambda$new$24(JsonOutput.java:176)\n\tat org.openqa.selenium.json.JsonOutput.write(JsonOutput.java:264)\n\tat org.openqa.selenium.json.JsonOutput.write(JsonOutput.java:255)\n\tat org.openqa.selenium.json.Json.toJson(Json.java:42)\n\tat org.openqa.selenium.remote.http.AbstractHttpCommandCodec.encode(AbstractHttpCommandCodec.java:227)\n\tat org.openqa.selenium.remote.http.AbstractHttpCommandCodec.encode(AbstractHttpCommandCodec.java:117)\n\tat org.openqa.selenium.remote.HttpCommandExecutor.execute(HttpCommandExecutor.java:152)\n\tat org.openqa.selenium.remote.service.DriverCommandExecutor.execute(DriverCommandExecutor.java:83)\n\tat org.openqa.selenium.remote.RemoteWebDriver.execute(RemoteWebDriver.java:552)\n\tat org.openqa.selenium.remote.RemoteWebDriver.perform(RemoteWebDriver.java:618)\n\tat org.openqa.selenium.interactions.Actions$BuiltAction.perform(Actions.java:639)\n\tat org.openqa.selenium.interactions.Actions.perform(Actions.java:595)\n\tat org.AutomationPractice.pages.MyStorePage.hoverOnWomen(MyStorePage.java:19)\n\tat org.AutomationPractice.stepDefinition.WomenCheckOutDef.hoverOnTheWomenTab(WomenCheckOutDef.java:26)\n\tat ✽.Hover on the Women Tab(file:///Users/admin/IdeaProjects/SpreeExtentReport/automationPractice/src/test/java/org/AutomationPractice/features/WomenCheckOutTest.feature:5)\n\tSuppressed: org.openqa.selenium.json.JsonException: Attempting to close incomplete json stream\nBuild info: version: '3.141.59', revision: 'e82be7d358', time: '2018-11-14T08:17:03'\nSystem info: host: 'admins-MBP.domain.name', ip: 'fe80:0:0:0:12:6892:dfaf:cf27%en0', os.name: 'Mac OS X', os.arch: 'x86_64', os.version: '10.15.7', java.version: '16.0.1'\nDriver info: driver.version: RemoteWebDriver\n\t\tat org.openqa.selenium.json.JsonOutput.close(JsonOutput.java:279)\n\t\tat org.openqa.selenium.json.Json.toJson(Json.java:44)\n\t\tat org.openqa.selenium.remote.http.AbstractHttpCommandCodec.encode(AbstractHttpCommandCodec.java:227)\n\t\tat org.openqa.selenium.remote.http.AbstractHttpCommandCodec.encode(AbstractHttpCommandCodec.java:117)\n\t\tat org.openqa.selenium.remote.HttpCommandExecutor.execute(HttpCommandExecutor.java:152)\n\t\tat org.openqa.selenium.remote.service.DriverCommandExecutor.execute(DriverCommandExecutor.java:83)\n\t\tat org.openqa.selenium.remote.RemoteWebDriver.execute(RemoteWebDriver.java:552)\n\t\tat org.openqa.selenium.remote.RemoteWebDriver.perform(RemoteWebDriver.java:618)\n\t\tat org.openqa.selenium.interactions.Actions$BuiltAction.perform(Actions.java:639)\n\t\tat org.openqa.selenium.interactions.Actions.perform(Actions.java:595)\n\t\tat org.AutomationPractice.pages.MyStorePage.hoverOnWomen(MyStorePage.java:19)\n\t\tat org.AutomationPractice.stepDefinition.WomenCheckOutDef.hoverOnTheWomenTab(WomenCheckOutDef.java:26)\n\t\tat java.base/jdk.internal.reflect.NativeMethodAccessorImpl.invoke0(Native Method)\n\t\tat java.base/jdk.internal.reflect.NativeMethodAccessorImpl.invoke(NativeMethodAccessorImpl.java:78)\n\t\tat java.base/jdk.internal.reflect.DelegatingMethodAccessorImpl.invoke(DelegatingMethodAccessorImpl.java:43)\n\t\tat java.base/java.lang.reflect.Method.invoke(Method.java:567)\n\t\tat io.cucumber.java.Invoker.doInvoke(Invoker.java:66)\n\t\tat io.cucumber.java.Invoker.invoke(Invoker.java:24)\n\t\tat io.cucumber.java.AbstractGlueDefinition.invokeMethod(AbstractGlueDefinition.java:47)\n\t\tat io.cucumber.java.JavaStepDefinition.execute(JavaStepDefinition.java:29)\n\t\tat io.cucumber.core.runner.CoreStepDefinition.execute(CoreStepDefinition.java:66)\n\t\tat io.cucumber.core.runner.PickleStepDefinitionMatch.runStep(PickleStepDefinitionMatch.java:63)\n\t\tat io.cucumber.core.runner.ExecutionMode$1.execute(ExecutionMode.java:10)\n\t\tat io.cucumber.core.runner.TestStep.executeStep(TestStep.java:92)\n\t\tat io.cucumber.core.runner.TestStep.run(TestStep.java:64)\n\t\tat io.cucumber.core.runner.PickleStepTestStep.run(PickleStepTestStep.java:51)\n\t\tat io.cucumber.core.runner.TestCase.run(TestCase.java:104)\n\t\tat io.cucumber.core.runner.Runner.runPickle(Runner.java:73)\n\t\tat io.cucumber.junit.PickleRunners$NoStepDescriptions.run(PickleRunners.java:151)\n\t\tat io.cucumber.junit.FeatureRunner.runChild(FeatureRunner.java:135)\n\t\tat io.cucumber.junit.FeatureRunner.runChild(FeatureRunner.java:27)\n\t\tat org.junit.runners.ParentRunner$3.run(ParentRunner.java:238)\n\t\tat org.junit.runners.ParentRunner$1.schedule(ParentRunner.java:63)\n\t\tat org.junit.runners.ParentRunner.runChildren(ParentRunner.java:236)\n\t\tat org.junit.runners.ParentRunner.access$000(ParentRunner.java:53)\n\t\tat org.junit.runners.ParentRunner$2.evaluate(ParentRunner.java:229)\n\t\tat org.junit.runners.ParentRunner.run(ParentRunner.java:309)\n\t\tat io.cucumber.junit.Cucumber.runChild(Cucumber.java:200)\n\t\tat io.cucumber.junit.Cucumber.runChild(Cucumber.java:90)\n\t\tat org.junit.runners.ParentRunner$3.run(ParentRunner.java:238)\n\t\tat org.junit.runners.ParentRunner$1.schedule(ParentRunner.java:63)\n\t\tat org.junit.runners.ParentRunner.runChildren(ParentRunner.java:236)\n\t\tat org.junit.runners.ParentRunner.access$000(ParentRunner.java:53)\n\t\tat org.junit.runners.ParentRunner$2.evaluate(ParentRunner.java:229)\n\t\tat io.cucumber.junit.Cucumber$RunCucumber.evaluate(Cucumber.java:235)\n\t\tat org.junit.runners.ParentRunner.run(ParentRunner.java:309)\n\t\tat org.junit.runner.JUnitCore.run(JUnitCore.java:160)\n\t\tat com.intellij.junit4.JUnit4IdeaTestRunner.startRunnerWithArgs(JUnit4IdeaTestRunner.java:69)\n\t\tat com.intellij.rt.junit.IdeaTestRunner$Repeater.startRunnerWithArgs(IdeaTestRunner.java:33)\n\t\tat com.intellij.rt.junit.JUnitStarter.prepareStreamsAndStart(JUnitStarter.java:235)\n\t\tat com.intellij.rt.junit.JUnitStarter.main(JUnitStarter.java:54)\nCaused by: java.lang.reflect.InvocationTargetException\n\tat java.base/jdk.internal.reflect.NativeMethodAccessorImpl.invoke0(Native Method)\n\tat java.base/jdk.internal.reflect.NativeMethodAccessorImpl.invoke(NativeMethodAccessorImpl.java:78)\n\tat java.base/jdk.internal.reflect.DelegatingMethodAccessorImpl.invoke(DelegatingMethodAccessorImpl.java:43)\n\tat java.base/java.lang.reflect.Method.invoke(Method.java:567)\n\tat org.openqa.selenium.json.JsonOutput.convertUsingMethod(JsonOutput.java:328)\n\tat org.openqa.selenium.json.JsonOutput.lambda$new$16(JsonOutput.java:155)\n\tat org.openqa.selenium.json.JsonOutput.write(JsonOutput.java:264)\n\tat org.openqa.selenium.json.JsonOutput.lambda$null$21(JsonOutput.java:168)\n\tat java.base/java.util.LinkedHashMap$LinkedValues.forEach(LinkedHashMap.java:647)\n\tat org.openqa.selenium.json.JsonOutput.lambda$new$22(JsonOutput.java:168)\n\tat org.openqa.selenium.json.JsonOutput.write(JsonOutput.java:264)\n\tat org.openqa.selenium.json.JsonOutput.lambda$null$23(JsonOutput.java:177)\n\tat com.google.common.collect.SingletonImmutableBiMap.forEach(SingletonImmutableBiMap.java:65)\n\tat org.openqa.selenium.json.JsonOutput.lambda$new$24(JsonOutput.java:176)\n\tat org.openqa.selenium.json.JsonOutput.write(JsonOutput.java:264)\n\tat org.openqa.selenium.json.JsonOutput.write(JsonOutput.java:255)\n\tat org.openqa.selenium.json.Json.toJson(Json.java:42)\n\tat org.openqa.selenium.remote.http.AbstractHttpCommandCodec.encode(AbstractHttpCommandCodec.java:227)\n\tat org.openqa.selenium.remote.http.AbstractHttpCommandCodec.encode(AbstractHttpCommandCodec.java:117)\n\tat org.openqa.selenium.remote.HttpCommandExecutor.execute(HttpCommandExecutor.java:152)\n\tat org.openqa.selenium.remote.service.DriverCommandExecutor.execute(DriverCommandExecutor.java:83)\n\tat org.openqa.selenium.remote.RemoteWebDriver.execute(RemoteWebDriver.java:552)\n\tat org.openqa.selenium.remote.RemoteWebDriver.perform(RemoteWebDriver.java:618)\n\tat org.openqa.selenium.interactions.Actions$BuiltAction.perform(Actions.java:639)\n\tat org.openqa.selenium.interactions.Actions.perform(Actions.java:595)\n\tat org.AutomationPractice.pages.MyStorePage.hoverOnWomen(MyStorePage.java:19)\n\tat org.AutomationPractice.stepDefinition.WomenCheckOutDef.hoverOnTheWomenTab(WomenCheckOutDef.java:26)\n\tat java.base/jdk.internal.reflect.NativeMethodAccessorImpl.invoke0(Native Method)\n\tat java.base/jdk.internal.reflect.NativeMethodAccessorImpl.invoke(NativeMethodAccessorImpl.java:78)\n\tat java.base/jdk.internal.reflect.DelegatingMethodAccessorImpl.invoke(DelegatingMethodAccessorImpl.java:43)\n\tat java.base/java.lang.reflect.Method.invoke(Method.java:567)\n\tat io.cucumber.java.Invoker.doInvoke(Invoker.java:66)\n\tat io.cucumber.java.Invoker.invoke(Invoker.java:24)\n\tat io.cucumber.java.AbstractGlueDefinition.invokeMethod(AbstractGlueDefinition.java:47)\n\tat io.cucumber.java.JavaStepDefinition.execute(JavaStepDefinition.java:29)\n\tat io.cucumber.core.runner.CoreStepDefinition.execute(CoreStepDefinition.java:66)\n\tat io.cucumber.core.runner.PickleStepDefinitionMatch.runStep(PickleStepDefinitionMatch.java:63)\n\tat io.cucumber.core.runner.ExecutionMode$1.execute(ExecutionMode.java:10)\n\tat io.cucumber.core.runner.TestStep.executeStep(TestStep.java:92)\n\tat io.cucumber.core.runner.TestStep.run(TestStep.java:64)\n\tat io.cucumber.core.runner.PickleStepTestStep.run(PickleStepTestStep.java:51)\n\tat io.cucumber.core.runner.TestCase.run(TestCase.java:104)\n\tat io.cucumber.core.runner.Runner.runPickle(Runner.java:73)\n\tat io.cucumber.junit.PickleRunners$NoStepDescriptions.run(PickleRunners.java:151)\n\tat io.cucumber.junit.FeatureRunner.runChild(FeatureRunner.java:135)\n\tat io.cucumber.junit.FeatureRunner.runChild(FeatureRunner.java:27)\n\tat org.junit.runners.ParentRunner$3.run(ParentRunner.java:238)\n\tat org.junit.runners.ParentRunner$1.schedule(ParentRunner.java:63)\n\tat org.junit.runners.ParentRunner.runChildren(ParentRunner.java:236)\n\tat org.junit.runners.ParentRunner.access$000(ParentRunner.java:53)\n\tat org.junit.runners.ParentRunner$2.evaluate(ParentRunner.java:229)\n\tat org.junit.runners.ParentRunner.run(ParentRunner.java:309)\n\tat io.cucumber.junit.Cucumber.runChild(Cucumber.java:200)\n\tat io.cucumber.junit.Cucumber.runChild(Cucumber.java:90)\n\tat org.junit.runners.ParentRunner$3.run(ParentRunner.java:238)\n\tat org.junit.runners.ParentRunner$1.schedule(ParentRunner.java:63)\n\tat org.junit.runners.ParentRunner.runChildren(ParentRunner.java:236)\n\tat org.junit.runners.ParentRunner.access$000(ParentRunner.java:53)\n\tat org.junit.runners.ParentRunner$2.evaluate(ParentRunner.java:229)\n\tat io.cucumber.junit.Cucumber$RunCucumber.evaluate(Cucumber.java:235)\n\tat org.junit.runners.ParentRunner.run(ParentRunner.java:309)\n\tat org.junit.runner.JUnitCore.run(JUnitCore.java:160)\n\tat com.intellij.junit4.JUnit4IdeaTestRunner.startRunnerWithArgs(JUnit4IdeaTestRunner.java:69)\n\tat com.intellij.rt.junit.IdeaTestRunner$Repeater.startRunnerWithArgs(IdeaTestRunner.java:33)\n\tat com.intellij.rt.junit.JUnitStarter.prepareStreamsAndStart(JUnitStarter.java:235)\n\tat com.intellij.rt.junit.JUnitStarter.main(JUnitStarter.java:54)\nCaused by: org.openqa.selenium.NoSuchElementException: no such element: Unable to locate element: {\"method\":\"css selector\",\"selector\":\"a.sf-with-ul\"}\n  (Session info: chrome=100.0.4896.60)\nFor documentation on this error, please visit: https://www.seleniumhq.org/exceptions/no_such_element.html\nBuild info: version: '3.141.59', revision: 'e82be7d358', time: '2018-11-14T08:17:03'\nSystem info: host: 'admins-MBP.domain.name', ip: 'fe80:0:0:0:12:6892:dfaf:cf27%en0', os.name: 'Mac OS X', os.arch: 'x86_64', os.version: '10.15.7', java.version: '16.0.1'\nDriver info: org.openqa.selenium.chrome.ChromeDriver\nCapabilities {acceptInsecureCerts: false, browserName: chrome, browserVersion: 100.0.4896.60, chrome: {chromedriverVersion: 100.0.4896.60 (6a5d10861ce8..., userDataDir: /var/folders/9h/3f03r251717...}, goog:chromeOptions: {debuggerAddress: localhost:49916}, javascriptEnabled: true, networkConnectionEnabled: false, pageLoadStrategy: normal, platform: MAC, platformName: MAC, proxy: Proxy(), setWindowRect: true, strictFileInteractability: false, timeouts: {implicit: 0, pageLoad: 300000, script: 30000}, unhandledPromptBehavior: dismiss and notify, webauthn:extension:credBlob: true, webauthn:extension:largeBlob: true, webauthn:virtualAuthenticators: true}\nSession ID: 6f7e87156ae01fde146660ba5b4975dd\n*** Element info: {Using=css selector, value=a.sf-with-ul}\n\tat java.base/jdk.internal.reflect.NativeConstructorAccessorImpl.newInstance0(Native Method)\n\tat java.base/jdk.internal.reflect.NativeConstructorAccessorImpl.newInstance(NativeConstructorAccessorImpl.java:78)\n\tat java.base/jdk.internal.reflect.DelegatingConstructorAccessorImpl.newInstance(DelegatingConstructorAccessorImpl.java:45)\n\tat java.base/java.lang.reflect.Constructor.newInstanceWithCaller(Constructor.java:499)\n\tat java.base/java.lang.reflect.Constructor.newInstance(Constructor.java:480)\n\tat org.openqa.selenium.remote.http.W3CHttpResponseCodec.createException(W3CHttpResponseCodec.java:187)\n\tat org.openqa.selenium.remote.http.W3CHttpResponseCodec.decode(W3CHttpResponseCodec.java:122)\n\tat org.openqa.selenium.remote.http.W3CHttpResponseCodec.decode(W3CHttpResponseCodec.java:49)\n\tat org.openqa.selenium.remote.HttpCommandExecutor.execute(HttpCommandExecutor.java:158)\n\tat org.openqa.selenium.remote.service.DriverCommandExecutor.execute(DriverCommandExecutor.java:83)\n\tat org.openqa.selenium.remote.RemoteWebDriver.execute(RemoteWebDriver.java:552)\n\tat org.openqa.selenium.remote.RemoteWebDriver.findElement(RemoteWebDriver.java:323)\n\tat org.openqa.selenium.remote.RemoteWebDriver.findElementByCssSelector(RemoteWebDriver.java:420)\n\tat org.openqa.selenium.By$ByCssSelector.findElement(By.java:431)\n\tat org.openqa.selenium.remote.RemoteWebDriver.findElement(RemoteWebDriver.java:315)\n\tat org.openqa.selenium.support.pagefactory.DefaultElementLocator.findElement(DefaultElementLocator.java:69)\n\tat org.openqa.selenium.support.pagefactory.internal.LocatingElementHandler.invoke(LocatingElementHandler.java:38)\n\tat jdk.proxy2/jdk.proxy2.$Proxy31.getWrappedElement(Unknown Source)\n\tat org.openqa.selenium.interactions.PointerInput$Origin.asArg(PointerInput.java:204)\n\tat org.openqa.selenium.interactions.PointerInput$Move.encode(PointerInput.java:155)\n\tat org.openqa.selenium.interactions.Sequence.encode(Sequence.java:75)\n\tat org.openqa.selenium.interactions.Sequence.toJson(Sequence.java:84)\n\t... 66 more\n",
  "flaky" : false,
  "newFailed" : false,
  "newBroken" : false,
  "newPassed" : false,
  "retriesCount" : 10,
  "retriesStatusChange" : true,
  "beforeStages" : [ {
    "name" : "org.AutomationPractice.stepDefinition.CommonSteps.beforeScenario()",
    "time" : {
      "start" : 1648790809570,
      "stop" : 1648790809571,
      "duration" : 1
    },
    "status" : "passed",
    "steps" : [ ],
    "attachments" : [ ],
    "parameters" : [ ],
    "stepsCount" : 0,
    "attachmentsCount" : 0,
    "shouldDisplayMessage" : false,
    "hasContent" : false
  } ],
  "testStage" : {
    "status" : "broken",
    "statusMessage" : "java.lang.reflect.InvocationTargetException\nBuild info: version: '3.141.59', revision: 'e82be7d358', time: '2018-11-14T08:17:03'\nSystem info: host: 'admins-MBP.domain.name', ip: 'fe80:0:0:0:12:6892:dfaf:cf27%en0', os.name: 'Mac OS X', os.arch: 'x86_64', os.version: '10.15.7', java.version: '16.0.1'\nDriver info: driver.version: RemoteWebDriver",
    "statusTrace" : "org.openqa.selenium.json.JsonException: java.lang.reflect.InvocationTargetException\nBuild info: version: '3.141.59', revision: 'e82be7d358', time: '2018-11-14T08:17:03'\nSystem info: host: 'admins-MBP.domain.name', ip: 'fe80:0:0:0:12:6892:dfaf:cf27%en0', os.name: 'Mac OS X', os.arch: 'x86_64', os.version: '10.15.7', java.version: '16.0.1'\nDriver info: driver.version: RemoteWebDriver\n\tat org.openqa.selenium.json.JsonOutput.convertUsingMethod(JsonOutput.java:332)\n\tat org.openqa.selenium.json.JsonOutput.lambda$new$16(JsonOutput.java:155)\n\tat org.openqa.selenium.json.JsonOutput.write(JsonOutput.java:264)\n\tat org.openqa.selenium.json.JsonOutput.lambda$null$21(JsonOutput.java:168)\n\tat java.base/java.util.LinkedHashMap$LinkedValues.forEach(LinkedHashMap.java:647)\n\tat org.openqa.selenium.json.JsonOutput.lambda$new$22(JsonOutput.java:168)\n\tat org.openqa.selenium.json.JsonOutput.write(JsonOutput.java:264)\n\tat org.openqa.selenium.json.JsonOutput.lambda$null$23(JsonOutput.java:177)\n\tat com.google.common.collect.SingletonImmutableBiMap.forEach(SingletonImmutableBiMap.java:65)\n\tat org.openqa.selenium.json.JsonOutput.lambda$new$24(JsonOutput.java:176)\n\tat org.openqa.selenium.json.JsonOutput.write(JsonOutput.java:264)\n\tat org.openqa.selenium.json.JsonOutput.write(JsonOutput.java:255)\n\tat org.openqa.selenium.json.Json.toJson(Json.java:42)\n\tat org.openqa.selenium.remote.http.AbstractHttpCommandCodec.encode(AbstractHttpCommandCodec.java:227)\n\tat org.openqa.selenium.remote.http.AbstractHttpCommandCodec.encode(AbstractHttpCommandCodec.java:117)\n\tat org.openqa.selenium.remote.HttpCommandExecutor.execute(HttpCommandExecutor.java:152)\n\tat org.openqa.selenium.remote.service.DriverCommandExecutor.execute(DriverCommandExecutor.java:83)\n\tat org.openqa.selenium.remote.RemoteWebDriver.execute(RemoteWebDriver.java:552)\n\tat org.openqa.selenium.remote.RemoteWebDriver.perform(RemoteWebDriver.java:618)\n\tat org.openqa.selenium.interactions.Actions$BuiltAction.perform(Actions.java:639)\n\tat org.openqa.selenium.interactions.Actions.perform(Actions.java:595)\n\tat org.AutomationPractice.pages.MyStorePage.hoverOnWomen(MyStorePage.java:19)\n\tat org.AutomationPractice.stepDefinition.WomenCheckOutDef.hoverOnTheWomenTab(WomenCheckOutDef.java:26)\n\tat ✽.Hover on the Women Tab(file:///Users/admin/IdeaProjects/SpreeExtentReport/automationPractice/src/test/java/org/AutomationPractice/features/WomenCheckOutTest.feature:5)\n\tSuppressed: org.openqa.selenium.json.JsonException: Attempting to close incomplete json stream\nBuild info: version: '3.141.59', revision: 'e82be7d358', time: '2018-11-14T08:17:03'\nSystem info: host: 'admins-MBP.domain.name', ip: 'fe80:0:0:0:12:6892:dfaf:cf27%en0', os.name: 'Mac OS X', os.arch: 'x86_64', os.version: '10.15.7', java.version: '16.0.1'\nDriver info: driver.version: RemoteWebDriver\n\t\tat org.openqa.selenium.json.JsonOutput.close(JsonOutput.java:279)\n\t\tat org.openqa.selenium.json.Json.toJson(Json.java:44)\n\t\tat org.openqa.selenium.remote.http.AbstractHttpCommandCodec.encode(AbstractHttpCommandCodec.java:227)\n\t\tat org.openqa.selenium.remote.http.AbstractHttpCommandCodec.encode(AbstractHttpCommandCodec.java:117)\n\t\tat org.openqa.selenium.remote.HttpCommandExecutor.execute(HttpCommandExecutor.java:152)\n\t\tat org.openqa.selenium.remote.service.DriverCommandExecutor.execute(DriverCommandExecutor.java:83)\n\t\tat org.openqa.selenium.remote.RemoteWebDriver.execute(RemoteWebDriver.java:552)\n\t\tat org.openqa.selenium.remote.RemoteWebDriver.perform(RemoteWebDriver.java:618)\n\t\tat org.openqa.selenium.interactions.Actions$BuiltAction.perform(Actions.java:639)\n\t\tat org.openqa.selenium.interactions.Actions.perform(Actions.java:595)\n\t\tat org.AutomationPractice.pages.MyStorePage.hoverOnWomen(MyStorePage.java:19)\n\t\tat org.AutomationPractice.stepDefinition.WomenCheckOutDef.hoverOnTheWomenTab(WomenCheckOutDef.java:26)\n\t\tat java.base/jdk.internal.reflect.NativeMethodAccessorImpl.invoke0(Native Method)\n\t\tat java.base/jdk.internal.reflect.NativeMethodAccessorImpl.invoke(NativeMethodAccessorImpl.java:78)\n\t\tat java.base/jdk.internal.reflect.DelegatingMethodAccessorImpl.invoke(DelegatingMethodAccessorImpl.java:43)\n\t\tat java.base/java.lang.reflect.Method.invoke(Method.java:567)\n\t\tat io.cucumber.java.Invoker.doInvoke(Invoker.java:66)\n\t\tat io.cucumber.java.Invoker.invoke(Invoker.java:24)\n\t\tat io.cucumber.java.AbstractGlueDefinition.invokeMethod(AbstractGlueDefinition.java:47)\n\t\tat io.cucumber.java.JavaStepDefinition.execute(JavaStepDefinition.java:29)\n\t\tat io.cucumber.core.runner.CoreStepDefinition.execute(CoreStepDefinition.java:66)\n\t\tat io.cucumber.core.runner.PickleStepDefinitionMatch.runStep(PickleStepDefinitionMatch.java:63)\n\t\tat io.cucumber.core.runner.ExecutionMode$1.execute(ExecutionMode.java:10)\n\t\tat io.cucumber.core.runner.TestStep.executeStep(TestStep.java:92)\n\t\tat io.cucumber.core.runner.TestStep.run(TestStep.java:64)\n\t\tat io.cucumber.core.runner.PickleStepTestStep.run(PickleStepTestStep.java:51)\n\t\tat io.cucumber.core.runner.TestCase.run(TestCase.java:104)\n\t\tat io.cucumber.core.runner.Runner.runPickle(Runner.java:73)\n\t\tat io.cucumber.junit.PickleRunners$NoStepDescriptions.run(PickleRunners.java:151)\n\t\tat io.cucumber.junit.FeatureRunner.runChild(FeatureRunner.java:135)\n\t\tat io.cucumber.junit.FeatureRunner.runChild(FeatureRunner.java:27)\n\t\tat org.junit.runners.ParentRunner$3.run(ParentRunner.java:238)\n\t\tat org.junit.runners.ParentRunner$1.schedule(ParentRunner.java:63)\n\t\tat org.junit.runners.ParentRunner.runChildren(ParentRunner.java:236)\n\t\tat org.junit.runners.ParentRunner.access$000(ParentRunner.java:53)\n\t\tat org.junit.runners.ParentRunner$2.evaluate(ParentRunner.java:229)\n\t\tat org.junit.runners.ParentRunner.run(ParentRunner.java:309)\n\t\tat io.cucumber.junit.Cucumber.runChild(Cucumber.java:200)\n\t\tat io.cucumber.junit.Cucumber.runChild(Cucumber.java:90)\n\t\tat org.junit.runners.ParentRunner$3.run(ParentRunner.java:238)\n\t\tat org.junit.runners.ParentRunner$1.schedule(ParentRunner.java:63)\n\t\tat org.junit.runners.ParentRunner.runChildren(ParentRunner.java:236)\n\t\tat org.junit.runners.ParentRunner.access$000(ParentRunner.java:53)\n\t\tat org.junit.runners.ParentRunner$2.evaluate(ParentRunner.java:229)\n\t\tat io.cucumber.junit.Cucumber$RunCucumber.evaluate(Cucumber.java:235)\n\t\tat org.junit.runners.ParentRunner.run(ParentRunner.java:309)\n\t\tat org.junit.runner.JUnitCore.run(JUnitCore.java:160)\n\t\tat com.intellij.junit4.JUnit4IdeaTestRunner.startRunnerWithArgs(JUnit4IdeaTestRunner.java:69)\n\t\tat com.intellij.rt.junit.IdeaTestRunner$Repeater.startRunnerWithArgs(IdeaTestRunner.java:33)\n\t\tat com.intellij.rt.junit.JUnitStarter.prepareStreamsAndStart(JUnitStarter.java:235)\n\t\tat com.intellij.rt.junit.JUnitStarter.main(JUnitStarter.java:54)\nCaused by: java.lang.reflect.InvocationTargetException\n\tat java.base/jdk.internal.reflect.NativeMethodAccessorImpl.invoke0(Native Method)\n\tat java.base/jdk.internal.reflect.NativeMethodAccessorImpl.invoke(NativeMethodAccessorImpl.java:78)\n\tat java.base/jdk.internal.reflect.DelegatingMethodAccessorImpl.invoke(DelegatingMethodAccessorImpl.java:43)\n\tat java.base/java.lang.reflect.Method.invoke(Method.java:567)\n\tat org.openqa.selenium.json.JsonOutput.convertUsingMethod(JsonOutput.java:328)\n\tat org.openqa.selenium.json.JsonOutput.lambda$new$16(JsonOutput.java:155)\n\tat org.openqa.selenium.json.JsonOutput.write(JsonOutput.java:264)\n\tat org.openqa.selenium.json.JsonOutput.lambda$null$21(JsonOutput.java:168)\n\tat java.base/java.util.LinkedHashMap$LinkedValues.forEach(LinkedHashMap.java:647)\n\tat org.openqa.selenium.json.JsonOutput.lambda$new$22(JsonOutput.java:168)\n\tat org.openqa.selenium.json.JsonOutput.write(JsonOutput.java:264)\n\tat org.openqa.selenium.json.JsonOutput.lambda$null$23(JsonOutput.java:177)\n\tat com.google.common.collect.SingletonImmutableBiMap.forEach(SingletonImmutableBiMap.java:65)\n\tat org.openqa.selenium.json.JsonOutput.lambda$new$24(JsonOutput.java:176)\n\tat org.openqa.selenium.json.JsonOutput.write(JsonOutput.java:264)\n\tat org.openqa.selenium.json.JsonOutput.write(JsonOutput.java:255)\n\tat org.openqa.selenium.json.Json.toJson(Json.java:42)\n\tat org.openqa.selenium.remote.http.AbstractHttpCommandCodec.encode(AbstractHttpCommandCodec.java:227)\n\tat org.openqa.selenium.remote.http.AbstractHttpCommandCodec.encode(AbstractHttpCommandCodec.java:117)\n\tat org.openqa.selenium.remote.HttpCommandExecutor.execute(HttpCommandExecutor.java:152)\n\tat org.openqa.selenium.remote.service.DriverCommandExecutor.execute(DriverCommandExecutor.java:83)\n\tat org.openqa.selenium.remote.RemoteWebDriver.execute(RemoteWebDriver.java:552)\n\tat org.openqa.selenium.remote.RemoteWebDriver.perform(RemoteWebDriver.java:618)\n\tat org.openqa.selenium.interactions.Actions$BuiltAction.perform(Actions.java:639)\n\tat org.openqa.selenium.interactions.Actions.perform(Actions.java:595)\n\tat org.AutomationPractice.pages.MyStorePage.hoverOnWomen(MyStorePage.java:19)\n\tat org.AutomationPractice.stepDefinition.WomenCheckOutDef.hoverOnTheWomenTab(WomenCheckOutDef.java:26)\n\tat java.base/jdk.internal.reflect.NativeMethodAccessorImpl.invoke0(Native Method)\n\tat java.base/jdk.internal.reflect.NativeMethodAccessorImpl.invoke(NativeMethodAccessorImpl.java:78)\n\tat java.base/jdk.internal.reflect.DelegatingMethodAccessorImpl.invoke(DelegatingMethodAccessorImpl.java:43)\n\tat java.base/java.lang.reflect.Method.invoke(Method.java:567)\n\tat io.cucumber.java.Invoker.doInvoke(Invoker.java:66)\n\tat io.cucumber.java.Invoker.invoke(Invoker.java:24)\n\tat io.cucumber.java.AbstractGlueDefinition.invokeMethod(AbstractGlueDefinition.java:47)\n\tat io.cucumber.java.JavaStepDefinition.execute(JavaStepDefinition.java:29)\n\tat io.cucumber.core.runner.CoreStepDefinition.execute(CoreStepDefinition.java:66)\n\tat io.cucumber.core.runner.PickleStepDefinitionMatch.runStep(PickleStepDefinitionMatch.java:63)\n\tat io.cucumber.core.runner.ExecutionMode$1.execute(ExecutionMode.java:10)\n\tat io.cucumber.core.runner.TestStep.executeStep(TestStep.java:92)\n\tat io.cucumber.core.runner.TestStep.run(TestStep.java:64)\n\tat io.cucumber.core.runner.PickleStepTestStep.run(PickleStepTestStep.java:51)\n\tat io.cucumber.core.runner.TestCase.run(TestCase.java:104)\n\tat io.cucumber.core.runner.Runner.runPickle(Runner.java:73)\n\tat io.cucumber.junit.PickleRunners$NoStepDescriptions.run(PickleRunners.java:151)\n\tat io.cucumber.junit.FeatureRunner.runChild(FeatureRunner.java:135)\n\tat io.cucumber.junit.FeatureRunner.runChild(FeatureRunner.java:27)\n\tat org.junit.runners.ParentRunner$3.run(ParentRunner.java:238)\n\tat org.junit.runners.ParentRunner$1.schedule(ParentRunner.java:63)\n\tat org.junit.runners.ParentRunner.runChildren(ParentRunner.java:236)\n\tat org.junit.runners.ParentRunner.access$000(ParentRunner.java:53)\n\tat org.junit.runners.ParentRunner$2.evaluate(ParentRunner.java:229)\n\tat org.junit.runners.ParentRunner.run(ParentRunner.java:309)\n\tat io.cucumber.junit.Cucumber.runChild(Cucumber.java:200)\n\tat io.cucumber.junit.Cucumber.runChild(Cucumber.java:90)\n\tat org.junit.runners.ParentRunner$3.run(ParentRunner.java:238)\n\tat org.junit.runners.ParentRunner$1.schedule(ParentRunner.java:63)\n\tat org.junit.runners.ParentRunner.runChildren(ParentRunner.java:236)\n\tat org.junit.runners.ParentRunner.access$000(ParentRunner.java:53)\n\tat org.junit.runners.ParentRunner$2.evaluate(ParentRunner.java:229)\n\tat io.cucumber.junit.Cucumber$RunCucumber.evaluate(Cucumber.java:235)\n\tat org.junit.runners.ParentRunner.run(ParentRunner.java:309)\n\tat org.junit.runner.JUnitCore.run(JUnitCore.java:160)\n\tat com.intellij.junit4.JUnit4IdeaTestRunner.startRunnerWithArgs(JUnit4IdeaTestRunner.java:69)\n\tat com.intellij.rt.junit.IdeaTestRunner$Repeater.startRunnerWithArgs(IdeaTestRunner.java:33)\n\tat com.intellij.rt.junit.JUnitStarter.prepareStreamsAndStart(JUnitStarter.java:235)\n\tat com.intellij.rt.junit.JUnitStarter.main(JUnitStarter.java:54)\nCaused by: org.openqa.selenium.NoSuchElementException: no such element: Unable to locate element: {\"method\":\"css selector\",\"selector\":\"a.sf-with-ul\"}\n  (Session info: chrome=100.0.4896.60)\nFor documentation on this error, please visit: https://www.seleniumhq.org/exceptions/no_such_element.html\nBuild info: version: '3.141.59', revision: 'e82be7d358', time: '2018-11-14T08:17:03'\nSystem info: host: 'admins-MBP.domain.name', ip: 'fe80:0:0:0:12:6892:dfaf:cf27%en0', os.name: 'Mac OS X', os.arch: 'x86_64', os.version: '10.15.7', java.version: '16.0.1'\nDriver info: org.openqa.selenium.chrome.ChromeDriver\nCapabilities {acceptInsecureCerts: false, browserName: chrome, browserVersion: 100.0.4896.60, chrome: {chromedriverVersion: 100.0.4896.60 (6a5d10861ce8..., userDataDir: /var/folders/9h/3f03r251717...}, goog:chromeOptions: {debuggerAddress: localhost:49916}, javascriptEnabled: true, networkConnectionEnabled: false, pageLoadStrategy: normal, platform: MAC, platformName: MAC, proxy: Proxy(), setWindowRect: true, strictFileInteractability: false, timeouts: {implicit: 0, pageLoad: 300000, script: 30000}, unhandledPromptBehavior: dismiss and notify, webauthn:extension:credBlob: true, webauthn:extension:largeBlob: true, webauthn:virtualAuthenticators: true}\nSession ID: 6f7e87156ae01fde146660ba5b4975dd\n*** Element info: {Using=css selector, value=a.sf-with-ul}\n\tat java.base/jdk.internal.reflect.NativeConstructorAccessorImpl.newInstance0(Native Method)\n\tat java.base/jdk.internal.reflect.NativeConstructorAccessorImpl.newInstance(NativeConstructorAccessorImpl.java:78)\n\tat java.base/jdk.internal.reflect.DelegatingConstructorAccessorImpl.newInstance(DelegatingConstructorAccessorImpl.java:45)\n\tat java.base/java.lang.reflect.Constructor.newInstanceWithCaller(Constructor.java:499)\n\tat java.base/java.lang.reflect.Constructor.newInstance(Constructor.java:480)\n\tat org.openqa.selenium.remote.http.W3CHttpResponseCodec.createException(W3CHttpResponseCodec.java:187)\n\tat org.openqa.selenium.remote.http.W3CHttpResponseCodec.decode(W3CHttpResponseCodec.java:122)\n\tat org.openqa.selenium.remote.http.W3CHttpResponseCodec.decode(W3CHttpResponseCodec.java:49)\n\tat org.openqa.selenium.remote.HttpCommandExecutor.execute(HttpCommandExecutor.java:158)\n\tat org.openqa.selenium.remote.service.DriverCommandExecutor.execute(DriverCommandExecutor.java:83)\n\tat org.openqa.selenium.remote.RemoteWebDriver.execute(RemoteWebDriver.java:552)\n\tat org.openqa.selenium.remote.RemoteWebDriver.findElement(RemoteWebDriver.java:323)\n\tat org.openqa.selenium.remote.RemoteWebDriver.findElementByCssSelector(RemoteWebDriver.java:420)\n\tat org.openqa.selenium.By$ByCssSelector.findElement(By.java:431)\n\tat org.openqa.selenium.remote.RemoteWebDriver.findElement(RemoteWebDriver.java:315)\n\tat org.openqa.selenium.support.pagefactory.DefaultElementLocator.findElement(DefaultElementLocator.java:69)\n\tat org.openqa.selenium.support.pagefactory.internal.LocatingElementHandler.invoke(LocatingElementHandler.java:38)\n\tat jdk.proxy2/jdk.proxy2.$Proxy31.getWrappedElement(Unknown Source)\n\tat org.openqa.selenium.interactions.PointerInput$Origin.asArg(PointerInput.java:204)\n\tat org.openqa.selenium.interactions.PointerInput$Move.encode(PointerInput.java:155)\n\tat org.openqa.selenium.interactions.Sequence.encode(Sequence.java:75)\n\tat org.openqa.selenium.interactions.Sequence.toJson(Sequence.java:84)\n\t... 66 more\n",
    "steps" : [ {
      "name" : "Given  The user is logged in successfully and is on Home Page",
      "time" : {
        "start" : 1648790809571,
        "stop" : 1648790809577,
        "duration" : 6
      },
      "status" : "passed",
      "steps" : [ ],
      "attachments" : [ ],
      "parameters" : [ ],
      "stepsCount" : 0,
      "attachmentsCount" : 0,
      "shouldDisplayMessage" : false,
      "hasContent" : false
    }, {
      "name" : "When  Hover on the Women Tab",
      "time" : {
        "start" : 1648790809577,
        "stop" : 1648790824629,
        "duration" : 15052
      },
      "status" : "broken",
      "statusMessage" : "java.lang.reflect.InvocationTargetException\nBuild info: version: '3.141.59', revision: 'e82be7d358', time: '2018-11-14T08:17:03'\nSystem info: host: 'admins-MBP.domain.name', ip: 'fe80:0:0:0:12:6892:dfaf:cf27%en0', os.name: 'Mac OS X', os.arch: 'x86_64', os.version: '10.15.7', java.version: '16.0.1'\nDriver info: driver.version: RemoteWebDriver",
      "statusTrace" : "org.openqa.selenium.json.JsonException: java.lang.reflect.InvocationTargetException\nBuild info: version: '3.141.59', revision: 'e82be7d358', time: '2018-11-14T08:17:03'\nSystem info: host: 'admins-MBP.domain.name', ip: 'fe80:0:0:0:12:6892:dfaf:cf27%en0', os.name: 'Mac OS X', os.arch: 'x86_64', os.version: '10.15.7', java.version: '16.0.1'\nDriver info: driver.version: RemoteWebDriver\n\tat org.openqa.selenium.json.JsonOutput.convertUsingMethod(JsonOutput.java:332)\n\tat org.openqa.selenium.json.JsonOutput.lambda$new$16(JsonOutput.java:155)\n\tat org.openqa.selenium.json.JsonOutput.write(JsonOutput.java:264)\n\tat org.openqa.selenium.json.JsonOutput.lambda$null$21(JsonOutput.java:168)\n\tat java.base/java.util.LinkedHashMap$LinkedValues.forEach(LinkedHashMap.java:647)\n\tat org.openqa.selenium.json.JsonOutput.lambda$new$22(JsonOutput.java:168)\n\tat org.openqa.selenium.json.JsonOutput.write(JsonOutput.java:264)\n\tat org.openqa.selenium.json.JsonOutput.lambda$null$23(JsonOutput.java:177)\n\tat com.google.common.collect.SingletonImmutableBiMap.forEach(SingletonImmutableBiMap.java:65)\n\tat org.openqa.selenium.json.JsonOutput.lambda$new$24(JsonOutput.java:176)\n\tat org.openqa.selenium.json.JsonOutput.write(JsonOutput.java:264)\n\tat org.openqa.selenium.json.JsonOutput.write(JsonOutput.java:255)\n\tat org.openqa.selenium.json.Json.toJson(Json.java:42)\n\tat org.openqa.selenium.remote.http.AbstractHttpCommandCodec.encode(AbstractHttpCommandCodec.java:227)\n\tat org.openqa.selenium.remote.http.AbstractHttpCommandCodec.encode(AbstractHttpCommandCodec.java:117)\n\tat org.openqa.selenium.remote.HttpCommandExecutor.execute(HttpCommandExecutor.java:152)\n\tat org.openqa.selenium.remote.service.DriverCommandExecutor.execute(DriverCommandExecutor.java:83)\n\tat org.openqa.selenium.remote.RemoteWebDriver.execute(RemoteWebDriver.java:552)\n\tat org.openqa.selenium.remote.RemoteWebDriver.perform(RemoteWebDriver.java:618)\n\tat org.openqa.selenium.interactions.Actions$BuiltAction.perform(Actions.java:639)\n\tat org.openqa.selenium.interactions.Actions.perform(Actions.java:595)\n\tat org.AutomationPractice.pages.MyStorePage.hoverOnWomen(MyStorePage.java:19)\n\tat org.AutomationPractice.stepDefinition.WomenCheckOutDef.hoverOnTheWomenTab(WomenCheckOutDef.java:26)\n\tat ✽.Hover on the Women Tab(file:///Users/admin/IdeaProjects/SpreeExtentReport/automationPractice/src/test/java/org/AutomationPractice/features/WomenCheckOutTest.feature:5)\n\tSuppressed: org.openqa.selenium.json.JsonException: Attempting to close incomplete json stream\nBuild info: version: '3.141.59', revision: 'e82be7d358', time: '2018-11-14T08:17:03'\nSystem info: host: 'admins-MBP.domain.name', ip: 'fe80:0:0:0:12:6892:dfaf:cf27%en0', os.name: 'Mac OS X', os.arch: 'x86_64', os.version: '10.15.7', java.version: '16.0.1'\nDriver info: driver.version: RemoteWebDriver\n\t\tat org.openqa.selenium.json.JsonOutput.close(JsonOutput.java:279)\n\t\tat org.openqa.selenium.json.Json.toJson(Json.java:44)\n\t\tat org.openqa.selenium.remote.http.AbstractHttpCommandCodec.encode(AbstractHttpCommandCodec.java:227)\n\t\tat org.openqa.selenium.remote.http.AbstractHttpCommandCodec.encode(AbstractHttpCommandCodec.java:117)\n\t\tat org.openqa.selenium.remote.HttpCommandExecutor.execute(HttpCommandExecutor.java:152)\n\t\tat org.openqa.selenium.remote.service.DriverCommandExecutor.execute(DriverCommandExecutor.java:83)\n\t\tat org.openqa.selenium.remote.RemoteWebDriver.execute(RemoteWebDriver.java:552)\n\t\tat org.openqa.selenium.remote.RemoteWebDriver.perform(RemoteWebDriver.java:618)\n\t\tat org.openqa.selenium.interactions.Actions$BuiltAction.perform(Actions.java:639)\n\t\tat org.openqa.selenium.interactions.Actions.perform(Actions.java:595)\n\t\tat org.AutomationPractice.pages.MyStorePage.hoverOnWomen(MyStorePage.java:19)\n\t\tat org.AutomationPractice.stepDefinition.WomenCheckOutDef.hoverOnTheWomenTab(WomenCheckOutDef.java:26)\n\t\tat java.base/jdk.internal.reflect.NativeMethodAccessorImpl.invoke0(Native Method)\n\t\tat java.base/jdk.internal.reflect.NativeMethodAccessorImpl.invoke(NativeMethodAccessorImpl.java:78)\n\t\tat java.base/jdk.internal.reflect.DelegatingMethodAccessorImpl.invoke(DelegatingMethodAccessorImpl.java:43)\n\t\tat java.base/java.lang.reflect.Method.invoke(Method.java:567)\n\t\tat io.cucumber.java.Invoker.doInvoke(Invoker.java:66)\n\t\tat io.cucumber.java.Invoker.invoke(Invoker.java:24)\n\t\tat io.cucumber.java.AbstractGlueDefinition.invokeMethod(AbstractGlueDefinition.java:47)\n\t\tat io.cucumber.java.JavaStepDefinition.execute(JavaStepDefinition.java:29)\n\t\tat io.cucumber.core.runner.CoreStepDefinition.execute(CoreStepDefinition.java:66)\n\t\tat io.cucumber.core.runner.PickleStepDefinitionMatch.runStep(PickleStepDefinitionMatch.java:63)\n\t\tat io.cucumber.core.runner.ExecutionMode$1.execute(ExecutionMode.java:10)\n\t\tat io.cucumber.core.runner.TestStep.executeStep(TestStep.java:92)\n\t\tat io.cucumber.core.runner.TestStep.run(TestStep.java:64)\n\t\tat io.cucumber.core.runner.PickleStepTestStep.run(PickleStepTestStep.java:51)\n\t\tat io.cucumber.core.runner.TestCase.run(TestCase.java:104)\n\t\tat io.cucumber.core.runner.Runner.runPickle(Runner.java:73)\n\t\tat io.cucumber.junit.PickleRunners$NoStepDescriptions.run(PickleRunners.java:151)\n\t\tat io.cucumber.junit.FeatureRunner.runChild(FeatureRunner.java:135)\n\t\tat io.cucumber.junit.FeatureRunner.runChild(FeatureRunner.java:27)\n\t\tat org.junit.runners.ParentRunner$3.run(ParentRunner.java:238)\n\t\tat org.junit.runners.ParentRunner$1.schedule(ParentRunner.java:63)\n\t\tat org.junit.runners.ParentRunner.runChildren(ParentRunner.java:236)\n\t\tat org.junit.runners.ParentRunner.access$000(ParentRunner.java:53)\n\t\tat org.junit.runners.ParentRunner$2.evaluate(ParentRunner.java:229)\n\t\tat org.junit.runners.ParentRunner.run(ParentRunner.java:309)\n\t\tat io.cucumber.junit.Cucumber.runChild(Cucumber.java:200)\n\t\tat io.cucumber.junit.Cucumber.runChild(Cucumber.java:90)\n\t\tat org.junit.runners.ParentRunner$3.run(ParentRunner.java:238)\n\t\tat org.junit.runners.ParentRunner$1.schedule(ParentRunner.java:63)\n\t\tat org.junit.runners.ParentRunner.runChildren(ParentRunner.java:236)\n\t\tat org.junit.runners.ParentRunner.access$000(ParentRunner.java:53)\n\t\tat org.junit.runners.ParentRunner$2.evaluate(ParentRunner.java:229)\n\t\tat io.cucumber.junit.Cucumber$RunCucumber.evaluate(Cucumber.java:235)\n\t\tat org.junit.runners.ParentRunner.run(ParentRunner.java:309)\n\t\tat org.junit.runner.JUnitCore.run(JUnitCore.java:160)\n\t\tat com.intellij.junit4.JUnit4IdeaTestRunner.startRunnerWithArgs(JUnit4IdeaTestRunner.java:69)\n\t\tat com.intellij.rt.junit.IdeaTestRunner$Repeater.startRunnerWithArgs(IdeaTestRunner.java:33)\n\t\tat com.intellij.rt.junit.JUnitStarter.prepareStreamsAndStart(JUnitStarter.java:235)\n\t\tat com.intellij.rt.junit.JUnitStarter.main(JUnitStarter.java:54)\nCaused by: java.lang.reflect.InvocationTargetException\n\tat java.base/jdk.internal.reflect.NativeMethodAccessorImpl.invoke0(Native Method)\n\tat java.base/jdk.internal.reflect.NativeMethodAccessorImpl.invoke(NativeMethodAccessorImpl.java:78)\n\tat java.base/jdk.internal.reflect.DelegatingMethodAccessorImpl.invoke(DelegatingMethodAccessorImpl.java:43)\n\tat java.base/java.lang.reflect.Method.invoke(Method.java:567)\n\tat org.openqa.selenium.json.JsonOutput.convertUsingMethod(JsonOutput.java:328)\n\tat org.openqa.selenium.json.JsonOutput.lambda$new$16(JsonOutput.java:155)\n\tat org.openqa.selenium.json.JsonOutput.write(JsonOutput.java:264)\n\tat org.openqa.selenium.json.JsonOutput.lambda$null$21(JsonOutput.java:168)\n\tat java.base/java.util.LinkedHashMap$LinkedValues.forEach(LinkedHashMap.java:647)\n\tat org.openqa.selenium.json.JsonOutput.lambda$new$22(JsonOutput.java:168)\n\tat org.openqa.selenium.json.JsonOutput.write(JsonOutput.java:264)\n\tat org.openqa.selenium.json.JsonOutput.lambda$null$23(JsonOutput.java:177)\n\tat com.google.common.collect.SingletonImmutableBiMap.forEach(SingletonImmutableBiMap.java:65)\n\tat org.openqa.selenium.json.JsonOutput.lambda$new$24(JsonOutput.java:176)\n\tat org.openqa.selenium.json.JsonOutput.write(JsonOutput.java:264)\n\tat org.openqa.selenium.json.JsonOutput.write(JsonOutput.java:255)\n\tat org.openqa.selenium.json.Json.toJson(Json.java:42)\n\tat org.openqa.selenium.remote.http.AbstractHttpCommandCodec.encode(AbstractHttpCommandCodec.java:227)\n\tat org.openqa.selenium.remote.http.AbstractHttpCommandCodec.encode(AbstractHttpCommandCodec.java:117)\n\tat org.openqa.selenium.remote.HttpCommandExecutor.execute(HttpCommandExecutor.java:152)\n\tat org.openqa.selenium.remote.service.DriverCommandExecutor.execute(DriverCommandExecutor.java:83)\n\tat org.openqa.selenium.remote.RemoteWebDriver.execute(RemoteWebDriver.java:552)\n\tat org.openqa.selenium.remote.RemoteWebDriver.perform(RemoteWebDriver.java:618)\n\tat org.openqa.selenium.interactions.Actions$BuiltAction.perform(Actions.java:639)\n\tat org.openqa.selenium.interactions.Actions.perform(Actions.java:595)\n\tat org.AutomationPractice.pages.MyStorePage.hoverOnWomen(MyStorePage.java:19)\n\tat org.AutomationPractice.stepDefinition.WomenCheckOutDef.hoverOnTheWomenTab(WomenCheckOutDef.java:26)\n\tat java.base/jdk.internal.reflect.NativeMethodAccessorImpl.invoke0(Native Method)\n\tat java.base/jdk.internal.reflect.NativeMethodAccessorImpl.invoke(NativeMethodAccessorImpl.java:78)\n\tat java.base/jdk.internal.reflect.DelegatingMethodAccessorImpl.invoke(DelegatingMethodAccessorImpl.java:43)\n\tat java.base/java.lang.reflect.Method.invoke(Method.java:567)\n\tat io.cucumber.java.Invoker.doInvoke(Invoker.java:66)\n\tat io.cucumber.java.Invoker.invoke(Invoker.java:24)\n\tat io.cucumber.java.AbstractGlueDefinition.invokeMethod(AbstractGlueDefinition.java:47)\n\tat io.cucumber.java.JavaStepDefinition.execute(JavaStepDefinition.java:29)\n\tat io.cucumber.core.runner.CoreStepDefinition.execute(CoreStepDefinition.java:66)\n\tat io.cucumber.core.runner.PickleStepDefinitionMatch.runStep(PickleStepDefinitionMatch.java:63)\n\tat io.cucumber.core.runner.ExecutionMode$1.execute(ExecutionMode.java:10)\n\tat io.cucumber.core.runner.TestStep.executeStep(TestStep.java:92)\n\tat io.cucumber.core.runner.TestStep.run(TestStep.java:64)\n\tat io.cucumber.core.runner.PickleStepTestStep.run(PickleStepTestStep.java:51)\n\tat io.cucumber.core.runner.TestCase.run(TestCase.java:104)\n\tat io.cucumber.core.runner.Runner.runPickle(Runner.java:73)\n\tat io.cucumber.junit.PickleRunners$NoStepDescriptions.run(PickleRunners.java:151)\n\tat io.cucumber.junit.FeatureRunner.runChild(FeatureRunner.java:135)\n\tat io.cucumber.junit.FeatureRunner.runChild(FeatureRunner.java:27)\n\tat org.junit.runners.ParentRunner$3.run(ParentRunner.java:238)\n\tat org.junit.runners.ParentRunner$1.schedule(ParentRunner.java:63)\n\tat org.junit.runners.ParentRunner.runChildren(ParentRunner.java:236)\n\tat org.junit.runners.ParentRunner.access$000(ParentRunner.java:53)\n\tat org.junit.runners.ParentRunner$2.evaluate(ParentRunner.java:229)\n\tat org.junit.runners.ParentRunner.run(ParentRunner.java:309)\n\tat io.cucumber.junit.Cucumber.runChild(Cucumber.java:200)\n\tat io.cucumber.junit.Cucumber.runChild(Cucumber.java:90)\n\tat org.junit.runners.ParentRunner$3.run(ParentRunner.java:238)\n\tat org.junit.runners.ParentRunner$1.schedule(ParentRunner.java:63)\n\tat org.junit.runners.ParentRunner.runChildren(ParentRunner.java:236)\n\tat org.junit.runners.ParentRunner.access$000(ParentRunner.java:53)\n\tat org.junit.runners.ParentRunner$2.evaluate(ParentRunner.java:229)\n\tat io.cucumber.junit.Cucumber$RunCucumber.evaluate(Cucumber.java:235)\n\tat org.junit.runners.ParentRunner.run(ParentRunner.java:309)\n\tat org.junit.runner.JUnitCore.run(JUnitCore.java:160)\n\tat com.intellij.junit4.JUnit4IdeaTestRunner.startRunnerWithArgs(JUnit4IdeaTestRunner.java:69)\n\tat com.intellij.rt.junit.IdeaTestRunner$Repeater.startRunnerWithArgs(IdeaTestRunner.java:33)\n\tat com.intellij.rt.junit.JUnitStarter.prepareStreamsAndStart(JUnitStarter.java:235)\n\tat com.intellij.rt.junit.JUnitStarter.main(JUnitStarter.java:54)\nCaused by: org.openqa.selenium.NoSuchElementException: no such element: Unable to locate element: {\"method\":\"css selector\",\"selector\":\"a.sf-with-ul\"}\n  (Session info: chrome=100.0.4896.60)\nFor documentation on this error, please visit: https://www.seleniumhq.org/exceptions/no_such_element.html\nBuild info: version: '3.141.59', revision: 'e82be7d358', time: '2018-11-14T08:17:03'\nSystem info: host: 'admins-MBP.domain.name', ip: 'fe80:0:0:0:12:6892:dfaf:cf27%en0', os.name: 'Mac OS X', os.arch: 'x86_64', os.version: '10.15.7', java.version: '16.0.1'\nDriver info: org.openqa.selenium.chrome.ChromeDriver\nCapabilities {acceptInsecureCerts: false, browserName: chrome, browserVersion: 100.0.4896.60, chrome: {chromedriverVersion: 100.0.4896.60 (6a5d10861ce8..., userDataDir: /var/folders/9h/3f03r251717...}, goog:chromeOptions: {debuggerAddress: localhost:49916}, javascriptEnabled: true, networkConnectionEnabled: false, pageLoadStrategy: normal, platform: MAC, platformName: MAC, proxy: Proxy(), setWindowRect: true, strictFileInteractability: false, timeouts: {implicit: 0, pageLoad: 300000, script: 30000}, unhandledPromptBehavior: dismiss and notify, webauthn:extension:credBlob: true, webauthn:extension:largeBlob: true, webauthn:virtualAuthenticators: true}\nSession ID: 6f7e87156ae01fde146660ba5b4975dd\n*** Element info: {Using=css selector, value=a.sf-with-ul}\n\tat java.base/jdk.internal.reflect.NativeConstructorAccessorImpl.newInstance0(Native Method)\n\tat java.base/jdk.internal.reflect.NativeConstructorAccessorImpl.newInstance(NativeConstructorAccessorImpl.java:78)\n\tat java.base/jdk.internal.reflect.DelegatingConstructorAccessorImpl.newInstance(DelegatingConstructorAccessorImpl.java:45)\n\tat java.base/java.lang.reflect.Constructor.newInstanceWithCaller(Constructor.java:499)\n\tat java.base/java.lang.reflect.Constructor.newInstance(Constructor.java:480)\n\tat org.openqa.selenium.remote.http.W3CHttpResponseCodec.createException(W3CHttpResponseCodec.java:187)\n\tat org.openqa.selenium.remote.http.W3CHttpResponseCodec.decode(W3CHttpResponseCodec.java:122)\n\tat org.openqa.selenium.remote.http.W3CHttpResponseCodec.decode(W3CHttpResponseCodec.java:49)\n\tat org.openqa.selenium.remote.HttpCommandExecutor.execute(HttpCommandExecutor.java:158)\n\tat org.openqa.selenium.remote.service.DriverCommandExecutor.execute(DriverCommandExecutor.java:83)\n\tat org.openqa.selenium.remote.RemoteWebDriver.execute(RemoteWebDriver.java:552)\n\tat org.openqa.selenium.remote.RemoteWebDriver.findElement(RemoteWebDriver.java:323)\n\tat org.openqa.selenium.remote.RemoteWebDriver.findElementByCssSelector(RemoteWebDriver.java:420)\n\tat org.openqa.selenium.By$ByCssSelector.findElement(By.java:431)\n\tat org.openqa.selenium.remote.RemoteWebDriver.findElement(RemoteWebDriver.java:315)\n\tat org.openqa.selenium.support.pagefactory.DefaultElementLocator.findElement(DefaultElementLocator.java:69)\n\tat org.openqa.selenium.support.pagefactory.internal.LocatingElementHandler.invoke(LocatingElementHandler.java:38)\n\tat jdk.proxy2/jdk.proxy2.$Proxy31.getWrappedElement(Unknown Source)\n\tat org.openqa.selenium.interactions.PointerInput$Origin.asArg(PointerInput.java:204)\n\tat org.openqa.selenium.interactions.PointerInput$Move.encode(PointerInput.java:155)\n\tat org.openqa.selenium.interactions.Sequence.encode(Sequence.java:75)\n\tat org.openqa.selenium.interactions.Sequence.toJson(Sequence.java:84)\n\t... 66 more\n",
      "steps" : [ ],
      "attachments" : [ ],
      "parameters" : [ ],
      "stepsCount" : 0,
      "attachmentsCount" : 0,
      "shouldDisplayMessage" : true,
      "hasContent" : true
    }, {
      "name" : "When  Click on Casual Dresses",
      "time" : {
        "start" : 1648790824632,
        "stop" : 1648790824633,
        "duration" : 1
      },
      "status" : "skipped",
      "steps" : [ ],
      "attachments" : [ ],
      "parameters" : [ ],
      "stepsCount" : 0,
      "attachmentsCount" : 0,
      "shouldDisplayMessage" : false,
      "hasContent" : false
    }, {
      "name" : "And  Hover on the Product Image",
      "time" : {
        "start" : 1648790824633,
        "stop" : 1648790824633,
        "duration" : 0
      },
      "status" : "skipped",
      "steps" : [ ],
      "attachments" : [ ],
      "parameters" : [ ],
      "stepsCount" : 0,
      "attachmentsCount" : 0,
      "shouldDisplayMessage" : false,
      "hasContent" : false
    }, {
      "name" : "When  Click on Add to Cart button",
      "time" : {
        "start" : 1648790824634,
        "stop" : 1648790824634,
        "duration" : 0
      },
      "status" : "skipped",
      "steps" : [ ],
      "attachments" : [ ],
      "parameters" : [ ],
      "stepsCount" : 0,
      "attachmentsCount" : 0,
      "shouldDisplayMessage" : false,
      "hasContent" : false
    }, {
      "name" : "When  Click on Proceed to checkout button",
      "time" : {
        "start" : 1648790824635,
        "stop" : 1648790824635,
        "duration" : 0
      },
      "status" : "skipped",
      "steps" : [ ],
      "attachments" : [ ],
      "parameters" : [ ],
      "stepsCount" : 0,
      "attachmentsCount" : 0,
      "shouldDisplayMessage" : false,
      "hasContent" : false
    }, {
      "name" : "Then  Order page should be displayed",
      "time" : {
        "start" : 1648790824635,
        "stop" : 1648790824636,
        "duration" : 1
      },
      "status" : "skipped",
      "steps" : [ ],
      "attachments" : [ ],
      "parameters" : [ ],
      "stepsCount" : 0,
      "attachmentsCount" : 0,
      "shouldDisplayMessage" : false,
      "hasContent" : false
    }, {
      "name" : "When  Click on Summary Proceed to checkout button",
      "time" : {
        "start" : 1648790824636,
        "stop" : 1648790824636,
        "duration" : 0
      },
      "status" : "skipped",
      "steps" : [ ],
      "attachments" : [ ],
      "parameters" : [ ],
      "stepsCount" : 0,
      "attachmentsCount" : 0,
      "shouldDisplayMessage" : false,
      "hasContent" : false
    }, {
      "name" : "When  Click on Address Proceed to checkout button",
      "time" : {
        "start" : 1648790824637,
        "stop" : 1648790824637,
        "duration" : 0
      },
      "status" : "skipped",
      "steps" : [ ],
      "attachments" : [ ],
      "parameters" : [ ],
      "stepsCount" : 0,
      "attachmentsCount" : 0,
      "shouldDisplayMessage" : false,
      "hasContent" : false
    }, {
      "name" : "When  Click on Agree check box button",
      "time" : {
        "start" : 1648790824637,
        "stop" : 1648790824638,
        "duration" : 1
      },
      "status" : "skipped",
      "steps" : [ ],
      "attachments" : [ ],
      "parameters" : [ ],
      "stepsCount" : 0,
      "attachmentsCount" : 0,
      "shouldDisplayMessage" : false,
      "hasContent" : false
    }, {
      "name" : "When  Click on Shipping Proceed to checkout button",
      "time" : {
        "start" : 1648790824638,
        "stop" : 1648790824638,
        "duration" : 0
      },
      "status" : "skipped",
      "steps" : [ ],
      "attachments" : [ ],
      "parameters" : [ ],
      "stepsCount" : 0,
      "attachmentsCount" : 0,
      "shouldDisplayMessage" : false,
      "hasContent" : false
    }, {
      "name" : "When  Click on Pay by bank wire button",
      "time" : {
        "start" : 1648790824638,
        "stop" : 1648790824639,
        "duration" : 1
      },
      "status" : "skipped",
      "steps" : [ ],
      "attachments" : [ ],
      "parameters" : [ ],
      "stepsCount" : 0,
      "attachmentsCount" : 0,
      "shouldDisplayMessage" : false,
      "hasContent" : false
    }, {
      "name" : "Then  My Store page should be displayed",
      "time" : {
        "start" : 1648790824639,
        "stop" : 1648790824639,
        "duration" : 0
      },
      "status" : "skipped",
      "steps" : [ ],
      "attachments" : [ ],
      "parameters" : [ ],
      "stepsCount" : 0,
      "attachmentsCount" : 0,
      "shouldDisplayMessage" : false,
      "hasContent" : false
    }, {
      "name" : "When  Click on I confirm my order button",
      "time" : {
        "start" : 1648790824640,
        "stop" : 1648790824640,
        "duration" : 0
      },
      "status" : "skipped",
      "steps" : [ ],
      "attachments" : [ ],
      "parameters" : [ ],
      "stepsCount" : 0,
      "attachmentsCount" : 0,
      "shouldDisplayMessage" : false,
      "hasContent" : false
    }, {
      "name" : "Then  ORDER CONFIRMATION is displayed",
      "time" : {
        "start" : 1648790824641,
        "stop" : 1648790824641,
        "duration" : 0
      },
      "status" : "skipped",
      "steps" : [ ],
      "attachments" : [ ],
      "parameters" : [ ],
      "stepsCount" : 0,
      "attachmentsCount" : 0,
      "shouldDisplayMessage" : false,
      "hasContent" : false
    } ],
    "attachments" : [ ],
    "parameters" : [ ],
    "stepsCount" : 15,
    "attachmentsCount" : 0,
    "shouldDisplayMessage" : false,
    "hasContent" : true
  },
  "afterStages" : [ ],
  "labels" : [ {
    "name" : "host",
    "value" : "admins-MBP.domain.name"
  }, {
    "name" : "thread",
    "value" : "1331@admins-MBP.domain.name.main(1)"
  }, {
    "name" : "feature",
    "value" : "Women Check Out functionality for Automation practice"
  }, {
    "name" : "story",
    "value" : "Check Out Happy path"
  }, {
    "name" : "suite",
    "value" : "Women Check Out functionality for Automation practice"
  }, {
    "name" : "testClass",
    "value" : "Check Out Happy path"
  }, {
    "name" : "framework",
    "value" : "cucumber4jvm"
  }, {
    "name" : "language",
    "value" : "java"
  }, {
    "name" : "gherkin_uri",
    "value" : "file:///Users/admin/IdeaProjects/SpreeExtentReport/automationPractice/src/test/java/org/AutomationPractice/features/WomenCheckOutTest.feature"
  }, {
    "name" : "package",
    "value" : "src.test.java.org.AutomationPractice.features.WomenCheckOutTest_feature.Women Check Out functionality for Automation practice"
  }, {
    "name" : "resultFormat",
    "value" : "allure2"
  } ],
  "parameters" : [ ],
  "links" : [ ],
  "hidden" : false,
  "retry" : false,
  "extra" : {
    "severity" : "normal",
    "retries" : [ {
      "uid" : "8434507502ef0bab",
      "status" : "passed",
      "time" : {
        "start" : 1648789851433,
        "stop" : 1648789875272,
        "duration" : 23839
      }
    }, {
      "uid" : "bac134a9cad074fc",
      "status" : "passed",
      "time" : {
        "start" : 1648756251708,
        "stop" : 1648756283989,
        "duration" : 32281
      }
    }, {
      "uid" : "90a0e9eab399eb7d",
      "status" : "broken",
      "statusDetails" : "Session ID is null. Using WebDriver after calling quit()?\nBuild info: version: '3.141.59', revision: 'e82be7d358', time: '2018-11-14T08:17:03'\nSystem info: host: 'admins-MacBook-Pro.local', ip: 'fe80:0:0:0:40d:63f7:f841:cb0f%en0', os.name: 'Mac OS X', os.arch: 'x86_64', os.version: '10.15.7', java.version: '16.0.1'\nDriver info: driver.version: RemoteWebDriver",
      "time" : {
        "start" : 1648756086821,
        "stop" : 1648756086851,
        "duration" : 30
      }
    }, {
      "uid" : "70acedbb0ab45185",
      "status" : "broken",
      "statusDetails" : "java.lang.NullPointerException",
      "time" : {
        "start" : 1648669564072,
        "stop" : 1648669564092,
        "duration" : 20
      }
    }, {
      "uid" : "eaadfa4ffa967870",
      "status" : "broken",
      "statusDetails" : "java.lang.NullPointerException",
      "time" : {
        "start" : 1648669426213,
        "stop" : 1648669426233,
        "duration" : 20
      }
    }, {
      "uid" : "ffa173e591f9da88",
      "status" : "broken",
      "statusDetails" : "java.lang.NullPointerException",
      "time" : {
        "start" : 1648668628043,
        "stop" : 1648668628064,
        "duration" : 21
      }
    }, {
      "uid" : "47fc4c635e121acc",
      "status" : "broken",
      "statusDetails" : "java.lang.NullPointerException",
      "time" : {
        "start" : 1648668397387,
        "stop" : 1648668397408,
        "duration" : 21
      }
    }, {
      "uid" : "5e8e9470c5a89edd",
      "status" : "broken",
      "statusDetails" : "java.lang.NullPointerException",
      "time" : {
        "start" : 1648668338264,
        "stop" : 1648668338285,
        "duration" : 21
      }
    }, {
      "uid" : "e99d633c06f5963f",
      "status" : "passed",
      "time" : {
        "start" : 1648667454581,
        "stop" : 1648667480415,
        "duration" : 25834
      }
    }, {
      "uid" : "7dd3601a402783d",
      "status" : "passed",
      "time" : {
        "start" : 1648665722364,
        "stop" : 1648665768909,
        "duration" : 46545
      }
    } ],
    "categories" : [ {
      "name" : "Test defects",
      "matchedStatuses" : [ ],
      "flaky" : false
    } ],
    "tags" : [ ]
  },
  "source" : "efac45a233b06167.json",
  "parameterValues" : [ ]
}